Dev Stack Installer v1.0.0
Iniciado: 2026-04-30 23:09:08
---
[2026-04-30 23:09:08] [STEP] Detectando sistema operativo
[2026-04-30 23:09:08] [OK] OS soportado: Linux Mint 22.3
[2026-04-30 23:09:08] [INFO] OS: linuxmint | Version: 22.3
[2026-04-30 23:09:08] [STEP] Actualizando lista de paquetes

WARNING: apt does not have a stable CLI interface. Use with caution in scripts.

Se pueden actualizar 286 paquetes. Ejecute «apt list --upgradable» para verlos.
[2026-04-30 23:09:08] [OK] Lista de paquetes actualizada
[2026-04-30 23:09:08] [STEP] Instalando herramientas esenciales
[2026-04-30 23:09:08] [INFO] Instalando Git (control de versiones) (git)...

WARNING: apt does not have a stable CLI interface. Use with caution in scripts.

Leyendo lista de paquetes...
Creando árbol de dependencias...
Leyendo la información de estado...
git ya está en su versión más reciente (1:2.43.0-1ubuntu7.3).
0 actualizados, 0 nuevos se instalarán, 0 para eliminar y 286 no actualizados.
[2026-04-30 23:09:08] [OK] Git (control de versiones) instalado correctamente
[2026-04-30 23:09:08] [INFO] Instalando curl (transferencia HTTP) (curl)...

WARNING: apt does not have a stable CLI interface. Use with caution in scripts.

Leyendo lista de paquetes...
Creando árbol de dependencias...
Leyendo la información de estado...
curl ya está en su versión más reciente (8.5.0-2ubuntu10.8).
0 actualizados, 0 nuevos se instalarán, 0 para eliminar y 286 no actualizados.
[2026-04-30 23:09:08] [OK] curl (transferencia HTTP) instalado correctamente
[2026-04-30 23:09:08] [INFO] Instalando wget (descarga de archivos) (wget)...

WARNING: apt does not have a stable CLI interface. Use with caution in scripts.

Leyendo lista de paquetes...
Creando árbol de dependencias...
Leyendo la información de estado...
wget ya está en su versión más reciente (1.21.4-1ubuntu4.1).
0 actualizados, 0 nuevos se instalarán, 0 para eliminar y 286 no actualizados.
[2026-04-30 23:09:08] [OK] wget (descarga de archivos) instalado correctamente
[2026-04-30 23:09:08] [INFO] Instalando Vim (editor de texto) (vim)...

WARNING: apt does not have a stable CLI interface. Use with caution in scripts.

Leyendo lista de paquetes...
Creando árbol de dependencias...
Leyendo la información de estado...
vim ya está en su versión más reciente (2:9.1.0016-1ubuntu7.12).
0 actualizados, 0 nuevos se instalarán, 0 para eliminar y 286 no actualizados.
[2026-04-30 23:09:08] [OK] Vim (editor de texto) instalado correctamente
[2026-04-30 23:09:08] [INFO] Instalando tree (visualizar directorios) (tree)...

WARNING: apt does not have a stable CLI interface. Use with caution in scripts.

Leyendo lista de paquetes...
Creando árbol de dependencias...
Leyendo la información de estado...
tree ya está en su versión más reciente (2.1.1-2ubuntu3.24.04.2).
0 actualizados, 0 nuevos se instalarán, 0 para eliminar y 286 no actualizados.
[2026-04-30 23:09:08] [OK] tree (visualizar directorios) instalado correctamente
[2026-04-30 23:09:08] [INFO] Instalando htop (monitor de procesos) (htop)...

WARNING: apt does not have a stable CLI interface. Use with caution in scripts.

Leyendo lista de paquetes...
Creando árbol de dependencias...
Leyendo la información de estado...
htop ya está en su versión más reciente (3.3.0-4build1).
0 actualizados, 0 nuevos se instalarán, 0 para eliminar y 286 no actualizados.
[2026-04-30 23:09:08] [OK] htop (monitor de procesos) instalado correctamente
[2026-04-30 23:09:08] [INFO] Instalando jq (procesador JSON) (jq)...

WARNING: apt does not have a stable CLI interface. Use with caution in scripts.

Leyendo lista de paquetes...
Creando árbol de dependencias...
Leyendo la información de estado...
jq ya está en su versión más reciente (1.7.1-3ubuntu0.24.04.2).
0 actualizados, 0 nuevos se instalarán, 0 para eliminar y 286 no actualizados.
[2026-04-30 23:09:08] [OK] jq (procesador JSON) instalado correctamente
[2026-04-30 23:09:08] [INFO] Instalando net-tools (herramientas de red) (net-tools)...

WARNING: apt does not have a stable CLI interface. Use with caution in scripts.

Leyendo lista de paquetes...
Creando árbol de dependencias...
Leyendo la información de estado...
net-tools ya está en su versión más reciente (2.10-0.1ubuntu4.4).
0 actualizados, 0 nuevos se instalarán, 0 para eliminar y 286 no actualizados.
[2026-04-30 23:09:08] [OK] net-tools (herramientas de red) instalado correctamente
[2026-04-30 23:09:08] [STEP] Instalando entorno de desarrollo
[2026-04-30 23:09:08] [INFO] Instalando Python 3 (python3)...

WARNING: apt does not have a stable CLI interface. Use with caution in scripts.

Leyendo lista de paquetes...
Creando árbol de dependencias...
Leyendo la información de estado...
python3 ya está en su versión más reciente (3.12.3-0ubuntu2.1).
0 actualizados, 0 nuevos se instalarán, 0 para eliminar y 286 no actualizados.
[2026-04-30 23:09:08] [OK] Python 3 instalado correctamente
[2026-04-30 23:09:08] [INFO] Instalando pip3 (gestor paquetes Python) (python3-pip)...

WARNING: apt does not have a stable CLI interface. Use with caution in scripts.

Leyendo lista de paquetes...
Creando árbol de dependencias...
Leyendo la información de estado...
python3-pip ya está en su versión más reciente (24.0+dfsg-1ubuntu1.3).
0 actualizados, 0 nuevos se instalarán, 0 para eliminar y 286 no actualizados.
[2026-04-30 23:09:08] [OK] pip3 (gestor paquetes Python) instalado correctamente
[2026-04-30 23:09:08] [INFO] Instalando build-essential (compilacion C/C++) (build-essential)...

WARNING: apt does not have a stable CLI interface. Use with caution in scripts.

Leyendo lista de paquetes...
Creando árbol de dependencias...
Leyendo la información de estado...
build-essential ya está en su versión más reciente (12.10ubuntu1).
0 actualizados, 0 nuevos se instalarán, 0 para eliminar y 286 no actualizados.
[2026-04-30 23:09:08] [OK] build-essential (compilacion C/C++) instalado correctamente
[2026-04-30 23:09:08] [STEP] Instalando utilidades de sistema
[2026-04-30 23:09:08] [INFO] Instalando unzip (unzip)...

WARNING: apt does not have a stable CLI interface. Use with caution in scripts.

Leyendo lista de paquetes...
Creando árbol de dependencias...
Leyendo la información de estado...
unzip ya está en su versión más reciente (6.0-28ubuntu4.1).
0 actualizados, 0 nuevos se instalarán, 0 para eliminar y 286 no actualizados.
[2026-04-30 23:09:08] [OK] unzip instalado correctamente
[2026-04-30 23:09:08] [INFO] Instalando tmux (terminal multiplexer) (tmux)...

WARNING: apt does not have a stable CLI interface. Use with caution in scripts.

Leyendo lista de paquetes...
Creando árbol de dependencias...
Leyendo la información de estado...
tmux ya está en su versión más reciente (3.4-1ubuntu0.1).
0 actualizados, 0 nuevos se instalarán, 0 para eliminar y 286 no actualizados.
[2026-04-30 23:09:08] [OK] tmux (terminal multiplexer) instalado correctamente
[2026-04-30 23:09:08] [INFO] Instalando ShellCheck (linter Bash) (shellcheck)...

WARNING: apt does not have a stable CLI interface. Use with caution in scripts.

Leyendo lista de paquetes...
Creando árbol de dependencias...
Leyendo la información de estado...
shellcheck ya está en su versión más reciente (0.9.0-1).
0 actualizados, 0 nuevos se instalarán, 0 para eliminar y 286 no actualizados.
[2026-04-30 23:09:08] [OK] ShellCheck (linter Bash) instalado correctamente
[2026-04-30 23:09:08] [STEP] Verificando configuracion de Git
[2026-04-30 23:09:08] [WARN] Git no tiene nombre de usuario configurado.
[2026-04-30 23:09:08] [INFO] Ejecuta: git config --global user.name 'Tu Nombre'
[2026-04-30 23:09:08] [INFO] Ejecuta: git config --global user.email 'tu@email.com'
[2026-04-30 23:09:08] [OK] Instalacion completada exitosamente
